Using pre-set license
Built from '2020.3/staging' branch; Version is '2020.3.11f1 (99c7afb366b3) revision 10078127'; Using compiler version '192528614'; Build Type 'Release'
OS: 'Windows 10 Home; OS build 19042.1165; Version 2009; 64bit' Language: 'ja' Physical Memory: 7873 MB
BatchMode: 1, IsHumanControllingUs: 0, StartBugReporterOnCrash: 0, Is64bit: 1, IsPro: 0

 COMMAND LINE ARGUMENTS:
C:\Program Files\Unity\Hub\Editor\2020.3.11f1\Editor\Unity.exe
-adb2
-batchMode
-noUpm
-name
AssetImportWorker0
-projectPath
C:/Users/K018A1704/Desktop/10JAMLeft/10JAMLeft
-logFile
Logs/AssetImportWorker0.log
-srvPort
59887
Successfully changed project path to: C:/Users/K018A1704/Desktop/10JAMLeft/10JAMLeft
C:/Users/K018A1704/Desktop/10JAMLeft/10JAMLeft
Using Asset Import Pipeline V2.
Refreshing native plugins compatible for Editor in 207.60 ms, found 3 plugins.
Preloading 0 native plugins for Editor in 0.00 ms.
Initialize engine version: 2020.3.11f1 (99c7afb366b3)
[Subsystems] Discovering subsystems at path C:/Program Files/Unity/Hub/Editor/2020.3.11f1/Editor/Data/Resources/UnitySubsystems
[Subsystems] Discovering subsystems at path C:/Users/K018A1704/Desktop/10JAMLeft/10JAMLeft/Assets
GfxDevice: creating device client; threaded=0
Direct3D:
    Version:  Direct3D 11.0 [level 11.1]
    Renderer: NVIDIA GeForce GTX 1060 (ID=0x1c20)
    Vendor:   
    VRAM:     6081 MB
    Driver:   22.21.13.8216
Initialize mono
Mono path[0] = 'C:/Program Files/Unity/Hub/Editor/2020.3.11f1/Editor/Data/Managed'
Mono path[1] = 'C:/Program Files/Unity/Hub/Editor/2020.3.11f1/Editor/Data/MonoBleedingEdge/lib/mono/unityjit'
Mono config path = 'C:/Program Files/Unity/Hub/Editor/2020.3.11f1/Editor/Data/MonoBleedingEdge/etc'
Using monoOptions --debugger-agent=transport=dt_socket,embedding=1,server=y,suspend=n,address=127.0.0.1:56448
Begin MonoManager ReloadAssembly
Registering precompiled unity dll's ...
Register platform support module: C:/Program Files/Unity/Hub/Editor/2020.3.11f1/Editor/Data/PlaybackEngines/MacStandaloneSupport/UnityEditor.OSXStandalone.Extensions.dll
Register platform support module: C:/Program Files/Unity/Hub/Editor/2020.3.11f1/Editor/Data/PlaybackEngines/WindowsStandaloneSupport/UnityEditor.WindowsStandalone.Extensions.dll
Registered in 0.017631 seconds.
Native extension for WindowsStandalone target not found
Native extension for OSXStandalone target not found
Refreshing native plugins compatible for Editor in 252.95 ms, found 3 plugins.
Preloading 0 native plugins for Editor in 0.00 ms.
Mono: successfully reloaded assembly
- Completed reload, in  5.342 seconds
Platform modules already initialized, skipping
Registering precompiled user dll's ...
Registered in 0.037595 seconds.
Begin MonoManager ReloadAssembly
Native extension for WindowsStandalone target not found
Native extension for OSXStandalone target not found
Refreshing native plugins compatible for Editor in 145.34 ms, found 3 plugins.
Preloading 0 native plugins for Editor in 0.00 ms.
Mono: successfully reloaded assembly
- Completed reload, in  4.425 seconds
Platform modules already initialized, skipping
========================================================================
Worker process is ready to serve import requests
Launched and connected shader compiler UnityShaderCompiler.exe after 0.21 seconds
Refreshing native plugins compatible for Editor in 0.54 ms, found 3 plugins.
Preloading 0 native plugins for Editor in 0.00 ms.
Unloading 2080 Unused Serialized files (Serialized files now loaded: 0)
System memory in use before: 95.5 MB.
System memory in use after: 95.4 MB.

Unloading 33 unused Assets to reduce memory usage. Loaded Objects now: 2513.
Total: 2.933500 ms (FindLiveObjects: 0.250800 ms CreateObjectMapping: 0.106200 ms MarkObjects: 2.409500 ms  DeleteObjects: 0.164700 ms)

========================================================================
Received Import Request.
  path: Assets
  artifactKey: Guid(00000000000000001000000000000000) Importer(815301076,1909f56bfc062723c751e8b465ee728b)
Start importing Assets using Guid(00000000000000001000000000000000) Importer(815301076,1909f56bfc062723c751e8b465ee728b)  -> (artifact id: '42d402b061de3733987d63b9cc3b64de') in 0.009447 seconds
  Import took 0.014313 seconds .

========================================================================
Received Import Request.
  Time since last request: 0.000625 seconds.
  path: Assets/Image
  artifactKey: Guid(ee090284351edd944b01aa9dce8b6fef) Importer(815301076,1909f56bfc062723c751e8b465ee728b)
Start importing Assets/Image using Guid(ee090284351edd944b01aa9dce8b6fef) Importer(815301076,1909f56bfc062723c751e8b465ee728b)  -> (artifact id: 'fd2b33dac796df1979ae511decebc395') in 0.004789 seconds
  Import took 0.008743 seconds .

========================================================================
Received Import Request.
  Time since last request: 64.123720 seconds.
  path: Assets/Sound
  artifactKey: Guid(cc8445b6d4c38aa4eafc41e17af80802) Importer(815301076,1909f56bfc062723c751e8b465ee728b)
Start importing Assets/Sound using Guid(cc8445b6d4c38aa4eafc41e17af80802) Importer(815301076,1909f56bfc062723c751e8b465ee728b)  -> (artifact id: 'c53b2d95a951fc8bc485e788fd9f1f6d') in 0.010853 seconds
  Import took 0.024309 seconds .

========================================================================
Received Import Request.
  Time since last request: 8.892898 seconds.
  path: Assets/Prefab
  artifactKey: Guid(532a5887e52a73948b1df0bc0412a5e2) Importer(815301076,1909f56bfc062723c751e8b465ee728b)
Start importing Assets/Prefab using Guid(532a5887e52a73948b1df0bc0412a5e2) Importer(815301076,1909f56bfc062723c751e8b465ee728b)  -> (artifact id: '8d9d4ac21457d631c8ea8616ed20fde8') in 0.010783 seconds
  Import took 0.019618 seconds .

========================================================================
Received Import Request.
  Time since last request: 15.861324 seconds.
  path: Assets/Script
  artifactKey: Guid(b834c621d0cce0544bb531c8da966959) Importer(815301076,1909f56bfc062723c751e8b465ee728b)
Start importing Assets/Script using Guid(b834c621d0cce0544bb531c8da966959) Importer(815301076,1909f56bfc062723c751e8b465ee728b)  -> (artifact id: 'a6af4402cf1c20258a60897959807285') in 0.007676 seconds
  Import took 0.013896 seconds .

========================================================================
Received Import Request.
  Time since last request: 3.728848 seconds.
  path: Assets/Scripts]
  artifactKey: Guid(b834c621d0cce0544bb531c8da966959) Importer(815301076,1909f56bfc062723c751e8b465ee728b)
Start importing Assets/Scripts] using Guid(b834c621d0cce0544bb531c8da966959) Importer(815301076,1909f56bfc062723c751e8b465ee728b)  -> (artifact id: '254913eb512574cb836e355fdc917b56') in 0.005062 seconds
  Import took 0.011086 seconds .

========================================================================
Received Import Request.
  Time since last request: 161.446608 seconds.
  path: Assets/Image/StageSelectBack.jpg
  artifactKey: Guid(82e7ec393f08ab048a855511e85d5923) Importer(815301076,1909f56bfc062723c751e8b465ee728b)
Start importing Assets/Image/StageSelectBack.jpg using Guid(82e7ec393f08ab048a855511e85d5923) Importer(815301076,1909f56bfc062723c751e8b465ee728b)  -> (artifact id: 'dc0286009fe66b6d9e4db9b94ed30dc5') in 0.474609 seconds
  Import took 0.487011 seconds .

========================================================================
Received Prepare
Registering precompiled user dll's ...
Registered in 0.016507 seconds.
Begin MonoManager ReloadAssembly
Native extension for WindowsStandalone target not found
Native extension for OSXStandalone target not found
Refreshing native plugins compatible for Editor in 0.98 ms, found 3 plugins.
Preloading 0 native plugins for Editor in 0.00 ms.
Mono: successfully reloaded assembly
- Completed reload, in  2.994 seconds
Platform modules already initialized, skipping
Refreshing native plugins compatible for Editor in 0.74 ms, found 3 plugins.
Preloading 0 native plugins for Editor in 0.00 ms.
Unloading 2076 Unused Serialized files (Serialized files now loaded: 0)
System memory in use before: 98.4 MB.
System memory in use after: 98.4 MB.

Unloading 21 unused Assets to reduce memory usage. Loaded Objects now: 2524.
Total: 4.485700 ms (FindLiveObjects: 0.308500 ms CreateObjectMapping: 0.158200 ms MarkObjects: 3.787600 ms  DeleteObjects: 0.229200 ms)

========================================================================
Received Prepare
Registering precompiled user dll's ...
Registered in 0.023165 seconds.
Begin MonoManager ReloadAssembly
Native extension for WindowsStandalone target not found
Native extension for OSXStandalone target not found
Refreshing native plugins compatible for Editor in 1.03 ms, found 3 plugins.
Preloading 0 native plugins for Editor in 0.00 ms.
Mono: successfully reloaded assembly
- Completed reload, in  3.277 seconds
Platform modules already initialized, skipping
Refreshing native plugins compatible for Editor in 0.86 ms, found 3 plugins.
Preloading 0 native plugins for Editor in 0.00 ms.
Unloading 2076 Unused Serialized files (Serialized files now loaded: 0)
System memory in use before: 98.5 MB.
System memory in use after: 98.4 MB.

Unloading 21 unused Assets to reduce memory usage. Loaded Objects now: 2528.
Total: 5.582900 ms (FindLiveObjects: 0.358200 ms CreateObjectMapping: 0.166300 ms MarkObjects: 4.824700 ms  DeleteObjects: 0.231400 ms)

========================================================================
Received Import Request.
  Time since last request: 772.591518 seconds.
  path: Assets/Script/BlockManager.cs
  artifactKey: Guid(b2917a97229784e4f9c4040cdb64070f) Importer(815301076,1909f56bfc062723c751e8b465ee728b)
Start importing Assets/Script/BlockManager.cs using Guid(b2917a97229784e4f9c4040cdb64070f) Importer(815301076,1909f56bfc062723c751e8b465ee728b)  -> (artifact id: '4d499925136d0549cb21a56c2cd7d28f') in 0.037621 seconds
  Import took 0.047831 seconds .

========================================================================
Received Prepare
Registering precompiled user dll's ...
Registered in 0.029577 seconds.
Begin MonoManager ReloadAssembly
Native extension for WindowsStandalone target not found
Native extension for OSXStandalone target not found
Refreshing native plugins compatible for Editor in 2.12 ms, found 3 plugins.
Preloading 0 native plugins for Editor in 0.00 ms.
Mono: successfully reloaded assembly
- Completed reload, in  3.963 seconds
Platform modules already initialized, skipping
Refreshing native plugins compatible for Editor in 0.94 ms, found 3 plugins.
Preloading 0 native plugins for Editor in 0.00 ms.
Unloading 2077 Unused Serialized files (Serialized files now loaded: 0)
System memory in use before: 98.5 MB.
System memory in use after: 98.5 MB.

Unloading 21 unused Assets to reduce memory usage. Loaded Objects now: 2533.
Total: 9.814600 ms (FindLiveObjects: 0.660700 ms CreateObjectMapping: 0.304900 ms MarkObjects: 8.415000 ms  DeleteObjects: 0.430500 ms)

========================================================================
Received Prepare
Registering precompiled user dll's ...
Registered in 0.069695 seconds.
Begin MonoManager ReloadAssembly
Native extension for WindowsStandalone target not found
Native extension for OSXStandalone target not found
Refreshing native plugins compatible for Editor in 1.77 ms, found 3 plugins.
Preloading 0 native plugins for Editor in 0.00 ms.
Mono: successfully reloaded assembly
- Completed reload, in  6.061 seconds
Platform modules already initialized, skipping
Refreshing native plugins compatible for Editor in 2.27 ms, found 3 plugins.
Preloading 0 native plugins for Editor in 0.00 ms.
Unloading 2077 Unused Serialized files (Serialized files now loaded: 0)
System memory in use before: 98.5 MB.
System memory in use after: 98.5 MB.

Unloading 21 unused Assets to reduce memory usage. Loaded Objects now: 2537.
Total: 9.660300 ms (FindLiveObjects: 0.530900 ms CreateObjectMapping: 0.312300 ms MarkObjects: 8.371600 ms  DeleteObjects: 0.441500 ms)

========================================================================
Received Import Request.
  Time since last request: 1865.159499 seconds.
  path: Assets/Script/BlockManager.cs
  artifactKey: Guid(b2917a97229784e4f9c4040cdb64070f) Importer(815301076,1909f56bfc062723c751e8b465ee728b)
Start importing Assets/Script/BlockManager.cs using Guid(b2917a97229784e4f9c4040cdb64070f) Importer(815301076,1909f56bfc062723c751e8b465ee728b)  -> (artifact id: '61098ccf72fe15a2e74f2e9e8794bf9e') in 0.031803 seconds
  Import took 0.058737 seconds .

========================================================================
Received Prepare
Registering precompiled user dll's ...
Registered in 0.035724 seconds.
Begin MonoManager ReloadAssembly
Native extension for WindowsStandalone target not found
Native extension for OSXStandalone target not found
Refreshing native plugins compatible for Editor in 1.42 ms, found 3 plugins.
Preloading 0 native plugins for Editor in 0.00 ms.
Mono: successfully reloaded assembly
- Completed reload, in  5.794 seconds
Platform modules already initialized, skipping
Refreshing native plugins compatible for Editor in 2.78 ms, found 3 plugins.
Preloading 0 native plugins for Editor in 0.00 ms.
Unloading 2077 Unused Serialized files (Serialized files now loaded: 0)
System memory in use before: 98.5 MB.
System memory in use after: 98.5 MB.

Unloading 21 unused Assets to reduce memory usage. Loaded Objects now: 2541.
Total: 9.915300 ms (FindLiveObjects: 1.613500 ms CreateObjectMapping: 0.716900 ms MarkObjects: 7.162700 ms  DeleteObjects: 0.418500 ms)

========================================================================
Received Prepare
Registering precompiled user dll's ...
Registered in 0.035933 seconds.
Begin MonoManager ReloadAssembly
Native extension for WindowsStandalone target not found
Native extension for OSXStandalone target not found
Refreshing native plugins compatible for Editor in 1.31 ms, found 3 plugins.
Preloading 0 native plugins for Editor in 0.00 ms.
Mono: successfully reloaded assembly
- Completed reload, in  5.809 seconds
Platform modules already initialized, skipping
Refreshing native plugins compatible for Editor in 2.31 ms, found 3 plugins.
Preloading 0 native plugins for Editor in 0.00 ms.
Unloading 2077 Unused Serialized files (Serialized files now loaded: 0)
System memory in use before: 98.6 MB.
System memory in use after: 98.5 MB.

Unloading 21 unused Assets to reduce memory usage. Loaded Objects now: 2545.
Total: 8.687200 ms (FindLiveObjects: 0.538200 ms CreateObjectMapping: 0.289300 ms MarkObjects: 7.489000 ms  DeleteObjects: 0.366800 ms)

========================================================================
Received Prepare
Registering precompiled user dll's ...
Registered in 0.035087 seconds.
Begin MonoManager ReloadAssembly
Native extension for WindowsStandalone target not found
Native extension for OSXStandalone target not found
Refreshing native plugins compatible for Editor in 1.33 ms, found 3 plugins.
Preloading 0 native plugins for Editor in 0.00 ms.
Mono: successfully reloaded assembly
- Completed reload, in  5.662 seconds
Platform modules already initialized, skipping
Refreshing native plugins compatible for Editor in 2.30 ms, found 3 plugins.
Preloading 0 native plugins for Editor in 0.00 ms.
Unloading 2077 Unused Serialized files (Serialized files now loaded: 0)
System memory in use before: 98.6 MB.
System memory in use after: 98.5 MB.

Unloading 21 unused Assets to reduce memory usage. Loaded Objects now: 2549.
Total: 12.864400 ms (FindLiveObjects: 0.777400 ms CreateObjectMapping: 0.382800 ms MarkObjects: 11.059700 ms  DeleteObjects: 0.640000 ms)

========================================================================
Received Prepare
Registering precompiled user dll's ...
Registered in 0.041319 seconds.
Begin MonoManager ReloadAssembly
Native extension for WindowsStandalone target not found
Native extension for OSXStandalone target not found
Refreshing native plugins compatible for Editor in 1.36 ms, found 3 plugins.
Preloading 0 native plugins for Editor in 0.00 ms.
Mono: successfully reloaded assembly
- Completed reload, in  7.030 seconds
Platform modules already initialized, skipping
Refreshing native plugins compatible for Editor in 1.36 ms, found 3 plugins.
Preloading 0 native plugins for Editor in 0.00 ms.
Unloading 2077 Unused Serialized files (Serialized files now loaded: 0)
System memory in use before: 98.6 MB.
System memory in use after: 98.5 MB.

Unloading 21 unused Assets to reduce memory usage. Loaded Objects now: 2553.
Total: 8.267600 ms (FindLiveObjects: 0.501300 ms CreateObjectMapping: 0.286400 ms MarkObjects: 7.115200 ms  DeleteObjects: 0.361300 ms)

========================================================================
Received Prepare
Registering precompiled user dll's ...
Registered in 0.053157 seconds.
Begin MonoManager ReloadAssembly
Native extension for WindowsStandalone target not found
Native extension for OSXStandalone target not found
Refreshing native plugins compatible for Editor in 1.37 ms, found 3 plugins.
Preloading 0 native plugins for Editor in 0.00 ms.
Mono: successfully reloaded assembly
- Completed reload, in  5.368 seconds
Platform modules already initialized, skipping
Refreshing native plugins compatible for Editor in 2.31 ms, found 3 plugins.
Preloading 0 native plugins for Editor in 0.00 ms.
Unloading 2077 Unused Serialized files (Serialized files now loaded: 0)
System memory in use before: 98.6 MB.
System memory in use after: 98.6 MB.

Unloading 21 unused Assets to reduce memory usage. Loaded Objects now: 2557.
Total: 13.696900 ms (FindLiveObjects: 0.818800 ms CreateObjectMapping: 0.391400 ms MarkObjects: 11.766900 ms  DeleteObjects: 0.715300 ms)

========================================================================
Received Prepare
Registering precompiled user dll's ...
Registered in 0.042514 seconds.
Begin MonoManager ReloadAssembly
Native extension for WindowsStandalone target not found
Native extension for OSXStandalone target not found
Refreshing native plugins compatible for Editor in 2.02 ms, found 3 plugins.
Preloading 0 native plugins for Editor in 0.00 ms.
Mono: successfully reloaded assembly
- Completed reload, in  6.532 seconds
Platform modules already initialized, skipping
Refreshing native plugins compatible for Editor in 1.42 ms, found 3 plugins.
Preloading 0 native plugins for Editor in 0.00 ms.
Unloading 2077 Unused Serialized files (Serialized files now loaded: 0)
System memory in use before: 98.6 MB.
System memory in use after: 98.6 MB.

Unloading 21 unused Assets to reduce memory usage. Loaded Objects now: 2561.
Total: 21.322900 ms (FindLiveObjects: 1.274400 ms CreateObjectMapping: 0.443000 ms MarkObjects: 18.420800 ms  DeleteObjects: 1.178600 ms)

========================================================================
Received Prepare
Registering precompiled user dll's ...
Registered in 0.037908 seconds.
Begin MonoManager ReloadAssembly
Native extension for WindowsStandalone target not found
Native extension for OSXStandalone target not found
Refreshing native plugins compatible for Editor in 1.62 ms, found 3 plugins.
Preloading 0 native plugins for Editor in 0.00 ms.
Mono: successfully reloaded assembly
- Completed reload, in  5.792 seconds
Platform modules already initialized, skipping
Refreshing native plugins compatible for Editor in 2.53 ms, found 3 plugins.
Preloading 0 native plugins for Editor in 0.00 ms.
Unloading 2077 Unused Serialized files (Serialized files now loaded: 0)
System memory in use before: 98.6 MB.
System memory in use after: 98.6 MB.

Unloading 21 unused Assets to reduce memory usage. Loaded Objects now: 2565.
Total: 12.938200 ms (FindLiveObjects: 0.566400 ms CreateObjectMapping: 0.284300 ms MarkObjects: 11.395400 ms  DeleteObjects: 0.687600 ms)

========================================================================
Received Prepare
Registering precompiled user dll's ...
Registered in 0.036387 seconds.
Begin MonoManager ReloadAssembly
Native extension for WindowsStandalone target not found
Native extension for OSXStandalone target not found
Refreshing native plugins compatible for Editor in 2.53 ms, found 3 plugins.
Preloading 0 native plugins for Editor in 0.00 ms.
Mono: successfully reloaded assembly
- Completed reload, in  6.011 seconds
Platform modules already initialized, skipping
Refreshing native plugins compatible for Editor in 1.33 ms, found 3 plugins.
Preloading 0 native plugins for Editor in 0.00 ms.
Unloading 2077 Unused Serialized files (Serialized files now loaded: 0)
System memory in use before: 98.6 MB.
System memory in use after: 98.6 MB.

Unloading 21 unused Assets to reduce memory usage. Loaded Objects now: 2569.
Total: 8.775300 ms (FindLiveObjects: 0.511600 ms CreateObjectMapping: 0.302900 ms MarkObjects: 7.601800 ms  DeleteObjects: 0.355400 ms)

