Using pre-set license
Built from '2020.3/staging' branch; Version is '2020.3.11f1 (99c7afb366b3) revision 10078127'; Using compiler version '192528614'; Build Type 'Release'
OS: 'Windows 10 Home; OS build 19043.1237; Version 2009; 64bit' Language: 'ja' Physical Memory: 16304 MB
BatchMode: 1, IsHumanControllingUs: 0, StartBugReporterOnCrash: 0, Is64bit: 1, IsPro: 0

 COMMAND LINE ARGUMENTS:
D:\unity\2020.3.11f1\Editor\Unity.exe
-adb2
-batchMode
-noUpm
-name
AssetImportWorker0
-projectPath
D:/10daysjam/10JAMLeft
-logFile
Logs/AssetImportWorker0.log
-srvPort
52863
Successfully changed project path to: D:/10daysjam/10JAMLeft
D:/10daysjam/10JAMLeft
Using Asset Import Pipeline V2.
Refreshing native plugins compatible for Editor in 29.48 ms, found 3 plugins.
Preloading 0 native plugins for Editor in 0.00 ms.
Initialize engine version: 2020.3.11f1 (99c7afb366b3)
[Subsystems] Discovering subsystems at path D:/unity/2020.3.11f1/Editor/Data/Resources/UnitySubsystems
[Subsystems] Discovering subsystems at path D:/10daysjam/10JAMLeft/Assets
GfxDevice: creating device client; threaded=0
Direct3D:
    Version:  Direct3D 11.0 [level 11.1]
    Renderer: NVIDIA GeForce RTX 2080 SUPER (ID=0x1e81)
    Vendor:   
    VRAM:     8010 MB
    Driver:   27.21.14.6647
Initialize mono
Mono path[0] = 'D:/unity/2020.3.11f1/Editor/Data/Managed'
Mono path[1] = 'D:/unity/2020.3.11f1/Editor/Data/MonoBleedingEdge/lib/mono/unityjit'
Mono config path = 'D:/unity/2020.3.11f1/Editor/Data/MonoBleedingEdge/etc'
Using monoOptions --debugger-agent=transport=dt_socket,embedding=1,server=y,suspend=n,address=127.0.0.1:56812
Begin MonoManager ReloadAssembly
Registering precompiled unity dll's ...
Register platform support module: D:/unity/2020.3.11f1/Editor/Data/PlaybackEngines/WindowsStandaloneSupport/UnityEditor.WindowsStandalone.Extensions.dll
Registered in 0.000660 seconds.
Native extension for WindowsStandalone target not found
Refreshing native plugins compatible for Editor in 29.70 ms, found 3 plugins.
Preloading 0 native plugins for Editor in 0.00 ms.
Mono: successfully reloaded assembly
- Completed reload, in  1.031 seconds
Platform modules already initialized, skipping
Registering precompiled user dll's ...
Registered in 0.001693 seconds.
Begin MonoManager ReloadAssembly
Native extension for WindowsStandalone target not found
Refreshing native plugins compatible for Editor in 28.99 ms, found 3 plugins.
Preloading 0 native plugins for Editor in 0.00 ms.
Mono: successfully reloaded assembly
- Completed reload, in  0.791 seconds
Platform modules already initialized, skipping
========================================================================
Worker process is ready to serve import requests
Launched and connected shader compiler UnityShaderCompiler.exe after 0.04 seconds
Refreshing native plugins compatible for Editor in 0.37 ms, found 3 plugins.
Preloading 0 native plugins for Editor in 0.00 ms.
Unloading 2100 Unused Serialized files (Serialized files now loaded: 0)
System memory in use before: 93.2 MB.
System memory in use after: 93.3 MB.

Unloading 28 unused Assets to reduce memory usage. Loaded Objects now: 2539.
Total: 1.922100 ms (FindLiveObjects: 0.171500 ms CreateObjectMapping: 0.058400 ms MarkObjects: 1.644600 ms  DeleteObjects: 0.046700 ms)

========================================================================
Received Import Request.
  path: Assets/Scenes/GameTransition/Game 1.unity
  artifactKey: Guid(aaa955d971745f74bb2d50a673e045fe) Importer(815301076,1909f56bfc062723c751e8b465ee728b)
Start importing Assets/Scenes/GameTransition/Game 1.unity using Guid(aaa955d971745f74bb2d50a673e045fe) Importer(815301076,1909f56bfc062723c751e8b465ee728b)  -> (artifact id: 'd0897333a071ad0883e58cb4f951ed1c') in 0.015854 seconds
  Import took 0.018049 seconds .

========================================================================
Received Import Request.
  Time since last request: 1.622438 seconds.
  path: Assets/Scenes/GameTransition/Game.unity
  artifactKey: Guid(e91cf5c17229db54483090904b7c52ef) Importer(815301076,1909f56bfc062723c751e8b465ee728b)
Start importing Assets/Scenes/GameTransition/Game.unity using Guid(e91cf5c17229db54483090904b7c52ef) Importer(815301076,1909f56bfc062723c751e8b465ee728b)  -> (artifact id: '2b906e5e9aa66093f386087c9f6407de') in 0.001008 seconds
  Import took 0.003423 seconds .

========================================================================
Received Import Request.
  Time since last request: 5.372577 seconds.
  path: Assets/Scenes/GameTransition/Game 2.unity
  artifactKey: Guid(aaa955d971745f74bb2d50a673e045fe) Importer(815301076,1909f56bfc062723c751e8b465ee728b)
Start importing Assets/Scenes/GameTransition/Game 2.unity using Guid(aaa955d971745f74bb2d50a673e045fe) Importer(815301076,1909f56bfc062723c751e8b465ee728b)  -> (artifact id: 'dcc7c908f954558c5d376ada3056814a') in 0.000965 seconds
  Import took 0.003437 seconds .

========================================================================
Received Import Request.
  Time since last request: 6.356932 seconds.
  path: Assets/Scenes/GameTransition/Game2.unity
  artifactKey: Guid(aaa955d971745f74bb2d50a673e045fe) Importer(815301076,1909f56bfc062723c751e8b465ee728b)
Start importing Assets/Scenes/GameTransition/Game2.unity using Guid(aaa955d971745f74bb2d50a673e045fe) Importer(815301076,1909f56bfc062723c751e8b465ee728b)  -> (artifact id: '6d5d2e57b7ef16f6ff166f2ebf972e4b') in 0.000998 seconds
  Import took 0.003419 seconds .

========================================================================
Received Import Request.
  Time since last request: 16.141995 seconds.
  path: Assets/Scenes/GameTransition/Game3.unity
  artifactKey: Guid(f8e9fdaea47124a43b65b937f7da8453) Importer(815301076,1909f56bfc062723c751e8b465ee728b)
Start importing Assets/Scenes/GameTransition/Game3.unity using Guid(f8e9fdaea47124a43b65b937f7da8453) Importer(815301076,1909f56bfc062723c751e8b465ee728b)  -> (artifact id: '607c87b9df0403db25d4c71c4b792d19') in 0.001735 seconds
  Import took 0.004205 seconds .

AssetImportWorkerClient::OnTransportError - code=2 error=End of file
